TN:
SF:knexfile.js
FN:14,afterCreate
FNF:1
FNH:1
FNDA:1,afterCreate
DA:1,1
DA:2,1
DA:3,1
DA:4,1
DA:5,1
DA:6,1
DA:7,1
DA:8,1
DA:9,1
DA:10,1
DA:11,1
DA:12,1
DA:13,1
DA:14,1
DA:15,1
DA:16,1
DA:17,1
DA:18,1
DA:19,1
DA:20,1
DA:21,1
DA:22,1
DA:23,1
DA:24,1
DA:25,1
DA:26,1
DA:27,1
DA:28,1
DA:29,1
DA:30,1
DA:31,1
LF:31
LH:31
BRDA:14,0,0,1
BRF:1
BRH:1
end_of_record
TN:
SF:api/server.js
FNF:0
FNH:0
DA:1,1
DA:2,1
DA:3,1
DA:4,1
DA:5,1
DA:6,1
DA:7,1
DA:8,1
DA:9,1
DA:10,1
LF:10
LH:10
BRF:0
BRH:0
end_of_record
TN:
SF:api/Gorevler/gorev-middleware.js
FN:3,checkGorevId
FN:17,checkPayload
FNF:2
FNH:2
FNDA:4,checkGorevId
FNDA:2,checkPayload
DA:1,1
DA:2,1
DA:3,4
DA:4,4
DA:5,4
DA:6,4
DA:7,4
DA:8,2
DA:9,2
DA:10,2
DA:11,2
DA:12,2
DA:13,4
DA:14,0
DA:15,0
DA:16,4
DA:17,2
DA:18,2
DA:19,2
DA:20,2
DA:21,1
DA:22,1
DA:23,1
DA:24,1
DA:25,2
DA:26,0
DA:27,0
DA:28,2
DA:29,1
LF:29
LH:25
BRDA:3,0,0,4
BRDA:5,1,0,2
BRDA:7,2,0,2
BRDA:13,3,0,0
BRDA:17,4,0,2
BRDA:20,5,0,1
BRDA:25,6,0,0
BRF:7
BRH:5
end_of_record
TN:
SF:api/Gorevler/gorev-model.js
FN:3,getAll
FN:6,getById
FN:9,insert
FNF:3
FNH:3
FNDA:1,getAll
FNDA:5,getById
FNDA:1,insert
DA:1,1
DA:2,1
DA:3,1
DA:4,1
DA:5,1
DA:6,5
DA:7,5
DA:8,5
DA:9,1
DA:10,1
DA:11,1
DA:12,1
DA:13,1
DA:14,1
DA:15,1
DA:16,1
LF:16
LH:16
BRDA:3,0,0,1
BRDA:6,1,0,5
BRDA:9,2,0,1
BRF:3
BRH:3
end_of_record
TN:
SF:api/Gorevler/gorev-router.js
FNF:0
FNH:0
DA:1,1
DA:2,1
DA:3,1
DA:4,1
DA:5,1
DA:6,1
DA:7,1
DA:8,1
DA:9,1
DA:10,1
DA:11,0
DA:12,0
DA:13,1
DA:14,1
DA:15,1
DA:16,1
DA:17,1
DA:18,0
DA:19,0
DA:20,1
DA:21,1
DA:22,1
DA:23,1
DA:24,1
DA:25,1
DA:26,1
DA:27,0
DA:28,0
DA:29,1
DA:30,1
DA:31,1
DA:32,1
LF:32
LH:26
BRDA:5,0,0,1
BRDA:10,1,0,0
BRDA:14,2,0,1
BRDA:17,3,0,0
BRDA:21,4,0,1
BRDA:26,5,0,0
BRF:6
BRH:3
end_of_record
TN:
SF:api/Tasklar/task-middleware.js
FN:3,checkTaskId
FN:16,checkPayload
FNF:2
FNH:2
FNDA:2,checkTaskId
FNDA:2,checkPayload
DA:1,1
DA:2,1
DA:3,2
DA:4,2
DA:5,2
DA:6,2
DA:7,1
DA:8,1
DA:9,1
DA:10,1
DA:11,1
DA:12,2
DA:13,0
DA:14,0
DA:15,2
DA:16,2
DA:17,2
DA:18,2
DA:19,2
DA:20,0
DA:21,2
DA:22,2
DA:23,2
DA:24,2
DA:25,0
DA:26,0
DA:27,2
DA:28,1
DA:29,1
DA:30,1
DA:31,1
LF:31
LH:26
BRDA:3,0,0,2
BRDA:6,1,0,1
BRDA:12,2,0,0
BRDA:16,3,0,2
BRDA:19,4,0,0
BRDA:24,5,0,0
BRF:6
BRH:3
end_of_record
TN:
SF:api/Tasklar/task-model.js
FN:3,getAll
FN:6,getById
FN:9,insert
FNF:3
FNH:3
FNDA:1,getAll
FNDA:3,getById
FNDA:1,insert
DA:1,1
DA:2,1
DA:3,1
DA:4,1
DA:5,1
DA:6,3
DA:7,3
DA:8,3
DA:9,1
DA:10,1
DA:11,1
DA:12,1
DA:13,1
DA:14,1
DA:15,1
DA:16,1
LF:16
LH:16
BRDA:3,0,0,1
BRDA:6,1,0,3
BRDA:9,2,0,1
BRF:3
BRH:3
end_of_record
TN:
SF:api/Tasklar/task-router.js
FNF:0
FNH:0
DA:1,1
DA:2,1
DA:3,1
DA:4,1
DA:5,1
DA:6,1
DA:7,1
DA:8,1
DA:9,1
DA:10,1
DA:11,0
DA:12,0
DA:13,1
DA:14,1
DA:15,1
DA:16,1
DA:17,1
DA:18,0
DA:19,0
DA:20,1
DA:21,1
DA:22,1
DA:23,1
DA:24,1
DA:25,1
DA:26,1
DA:27,1
DA:28,1
DA:29,1
DA:30,1
DA:31,0
DA:32,0
DA:33,1
DA:34,1
DA:35,1
DA:36,1
LF:36
LH:30
BRDA:6,0,0,1
BRDA:10,1,0,0
BRDA:14,2,0,1
BRDA:17,3,0,0
BRDA:21,4,0,1
BRDA:30,5,0,0
BRF:6
BRH:3
end_of_record
TN:
SF:data/db-config.js
FNF:0
FNH:0
DA:1,1
DA:2,1
DA:3,1
DA:4,1
DA:5,1
DA:6,1
DA:7,1
LF:7
LH:7
BRDA:5,0,0,0
BRF:1
BRH:0
end_of_record
TN:
SF:data/migrations/20230707112220_todoApp.js
FN:5,Object.<anonymous>.exports.up
FN:28,Object.<anonymous>.exports.down
FNF:2
FNH:2
FNDA:10,Object.<anonymous>.exports.up
FNDA:9,Object.<anonymous>.exports.down
DA:1,1
DA:2,1
DA:3,1
DA:4,1
DA:5,1
DA:6,10
DA:7,10
DA:8,10
DA:9,10
DA:10,10
DA:11,10
DA:12,10
DA:13,10
DA:14,10
DA:15,10
DA:16,10
DA:17,10
DA:18,10
DA:19,10
DA:20,10
DA:21,10
DA:22,10
DA:23,1
DA:24,1
DA:25,1
DA:26,1
DA:27,1
DA:28,1
DA:29,9
DA:30,9
DA:31,9
DA:32,9
LF:32
LH:32
BRDA:5,0,0,10
BRDA:7,1,0,10
BRDA:12,2,0,10
BRDA:28,3,0,9
BRF:4
BRH:4
end_of_record
TN:
SF:data/seeds/todoApp.js
FN:12,Object.<anonymous>.exports.seed
FNF:1
FNH:1
FNDA:10,Object.<anonymous>.exports.seed
DA:1,1
DA:2,1
DA:3,1
DA:4,1
DA:5,1
DA:6,1
DA:7,1
DA:8,1
DA:9,1
DA:10,1
DA:11,1
DA:12,1
DA:13,10
DA:14,10
DA:15,10
DA:16,10
DA:17,10
DA:18,10
DA:19,10
LF:19
LH:19
BRDA:12,0,0,10
BRF:1
BRH:1
end_of_record
